<?xml version="1.0" encoding="UTF-8"?>
<!-- Generated by org.testng.reporters.JUnitReportReporter -->
<testsuite hostname="LAPTOP-V3DN9Q5Q" failures="0" tests="2" name="com.ricepot.api.tests.AuthTests" time="4.751" errors="0" timestamp="2026-06-08T13:16:38 IST" skipped="0">
  <testcase classname="com.ricepot.api.tests.AuthTests" name="createToken_InvalidUser_shouldReturn200NoToken" time="1.326"/>
  <system-out/>
  <testcase classname="com.ricepot.api.tests.AuthTests" name="createToken_HappyPath_shouldReturn200" time="3.425"/>
  <system-out/>
</testsuite> <!-- com.ricepot.api.tests.AuthTests -->
